#
# A fatal error has been detected by the Java Runtime Environment:
#
#  SIGSEGV (0xb) at pc=0x000000010ba859c2, pid=1839, tid=0x0000000000004303
#
# JRE version: OpenJDK Runtime Environment (8.0_112-b05) (build 1.8.0_112-release-b05)
# Java VM: OpenJDK 64-Bit Server VM (25.112-b05 mixed mode bsd-amd64 compressed oops)
# Problematic frame:
# V  [libjvm.dylib+0x4859c2]
#
# Failed to write core dump. Core dumps have been disabled. To enable core dumping, try "ulimit -c unlimited" before starting Java again
#
# If you would like to submit a bug report, please visit:
#   http://bugreport.java.com/bugreport/crash.jsp
#

---------------  T H R E A D  ---------------

Current thread (0x00007fe6c6002000):  JavaThread "C2 CompilerThread0" daemon [_thread_in_native, id=17155, stack(0x0000700009eb4000,0x0000700009fb4000)]

siginfo: si_signo: 11 (SIGSEGV), si_code: 1 (SEGV_MAPERR), si_addr: 0x0000000000000000

Registers:
RAX=0x0000000000000001, RBX=0x00007fe6c60c9f30, RCX=0x0000000000000008, RDX=0x0000000000000008
RSP=0x0000700009facdb0, RBP=0x0000700009facde0, RSI=0x0000000008000000, RDI=0x00007fe6c60ca388
R8 =0x0000000000000000, R9 =0x0000000000000000, R10=0x00007fe6c619da10, R11=0x000000000000001f
R12=0x00000000000002fa, R13=0x0000000000000000, R14=0x0000700009fb0e28, R15=0x0000700009fb17b0
RIP=0x000000010ba859c2, EFLAGS=0x0000000000010206, ERR=0x0000000000000004
  TRAPNO=0x000000000000000e

Top of Stack: (sp=0x0000700009facdb0)
0x0000700009facdb0:   0000700009facde0 00000000000002d0
0x0000700009facdc0:   000000010bbda103 0000700009fb2f88
0x0000700009facdd0:   0000700009fb0e28 0000700009fb1828
0x0000700009facde0:   0000700009face20 000000010ba85469
0x0000700009facdf0:   0000700009face20 0000700009fb2f88
0x0000700009face00:   00007fe6c4f10050 0000700009fb2f88
0x0000700009face10:   0000700009fb0e28 0000700009fb3928
0x0000700009face20:   0000700009fb2350 000000010b7ab403
0x0000700009face30:   000000000000000f 0000700009fb2f88
0x0000700009face40:   0000700009fb0e28 00007fe6c52912e8
0x0000700009face50:   00007fe6c5291470 00007fe6c5291de8
0x0000700009face60:   00007fe6c52913c8 00007fe6c52914d8
0x0000700009face70:   00007fe6c5291d88 00007fe6c5291368
0x0000700009face80:   00007fe6c5291e88 0000000000000000
0x0000700009face90:   000000010bdcd160 000000000000000e
0x0000700009facea0:   0000700009fb2f88 00007fe6c4d1e560
0x0000700009faceb0:   00007fe6c4d1e560 0000000000000800
0x0000700009facec0:   00007fe6c6900010 0000000000000000
0x0000700009faced0:   00007fe6c4d1e560 0000000000000800
0x0000700009facee0:   00007fe6c52b1c10 0000000000000000
0x0000700009facef0:   0000000000000000 0000000000000000
0x0000700009facf00:   0000000000000000 0000000000000000
0x0000700009facf10:   0000000000000000 0000000000000000
0x0000700009facf20:   0000000000000000 0000000000000000
0x0000700009facf30:   0000000000000000 0000000000000000
0x0000700009facf40:   0000000000000000 0000000000000000
0x0000700009facf50:   0000000000000000 0000000000000000
0x0000700009facf60:   0000000000000000 0000000000000000
0x0000700009facf70:   0000000000000000 0000000000000000
0x0000700009facf80:   0000000000000000 0000000000000000
0x0000700009facf90:   0000000000000000 0000000000000000
0x0000700009facfa0:   0000000000000000 0000000000000000 

Instructions: (pc=0x000000010ba859c2)
0x000000010ba859a2:   ff ff 49 8b 4e 50 4e 89 2c e1 48 89 df 4c 89 ee
0x000000010ba859b2:   e8 dd bb fb ff 4c 89 f7 48 89 de e8 fe ef ff ff
0x000000010ba859c2:   49 8b 45 00 4c 89 ef ff 50 40 84 c0 74 08 0f b7
0x000000010ba859d2:   43 2e a8 10 74 2f 4c 8b 2b 48 89 df 4c 89 f6 41 

Register to memory mapping:

RAX=0x0000000000000001 is an unknown value
RBX=0x00007fe6c60c9f30 is an unknown value
RCX=0x0000000000000008 is an unknown value
RDX=0x0000000000000008 is an unknown value
RSP=0x0000700009facdb0 is pointing into the stack for thread: 0x00007fe6c6002000
RBP=0x0000700009facde0 is pointing into the stack for thread: 0x00007fe6c6002000
RSI=0x0000000008000000 is an unknown value
RDI=0x00007fe6c60ca388 is an unknown value
R8 =0x0000000000000000 is an unknown value
R9 =0x0000000000000000 is an unknown value
R10=0x00007fe6c619da10 is an unknown value
R11=0x000000000000001f is an unknown value
R12=0x00000000000002fa is an unknown value
R13=0x0000000000000000 is an unknown value
R14=0x0000700009fb0e28 is pointing into the stack for thread: 0x00007fe6c6002000
R15=0x0000700009fb17b0 is pointing into the stack for thread: 0x00007fe6c6002000


Stack: [0x0000700009eb4000,0x0000700009fb4000],  sp=0x0000700009facdb0,  free space=995k
Native frames: (J=compiled Java code, j=interpreted, Vv=VM code, C=native code)
V  [libjvm.dylib+0x4859c2]
V  [libjvm.dylib+0x485469]
V  [libjvm.dylib+0x1ab403]
V  [libjvm.dylib+0x1aea4b]
V  [libjvm.dylib+0x14f20a]
V  [libjvm.dylib+0x1b19fe]
V  [libjvm.dylib+0x1b3f45]
V  [libjvm.dylib+0x53912d]
V  [libjvm.dylib+0x53a7e4]
V  [libjvm.dylib+0x45bf0a]
C  [libsystem_pthread.dylib+0x3abb]  _pthread_body+0xb4
C  [libsystem_pthread.dylib+0x3a07]  _pthread_body+0x0
C  [libsystem_pthread.dylib+0x3231]  thread_start+0xd
C  0x0000000000000000


Current CompileTask:
C2:    806  698       4       com.android.dx.ssa.NormalSsaInsn::accept (25 bytes)


---------------  P R O C E S S  ---------------

Java Threads: ( => current thread )
  0x00007fe6c6805000 JavaThread "pool-1-thread-4" [_thread_in_Java, id=21763, stack(0x000070000a7cf000,0x000070000a8cf000)]
  0x00007fe6c50a3000 JavaThread "pool-1-thread-3" [_thread_in_Java, id=21251, stack(0x000070000a6cc000,0x000070000a7cc000)]
  0x00007fe6c606e000 JavaThread "pool-1-thread-2" [_thread_in_vm, id=20739, stack(0x000070000a5c9000,0x000070000a6c9000)]
  0x00007fe6c6803000 JavaThread "pool-2-thread-1" [_thread_blocked, id=20227, stack(0x000070000a4c6000,0x000070000a5c6000)]
  0x00007fe6c603e000 JavaThread "pool-1-thread-1" [_thread_in_Java, id=19715, stack(0x000070000a3c3000,0x000070000a4c3000)]
  0x00007fe6c602d800 JavaThread "Service Thread" daemon [_thread_blocked, id=18691, stack(0x000070000a1bd000,0x000070000a2bd000)]
  0x00007fe6c602a800 JavaThread "C1 CompilerThread2" daemon [_thread_in_vm, id=18179, stack(0x000070000a0ba000,0x000070000a1ba000)]
  0x00007fe6c602a000 JavaThread "C2 CompilerThread1" daemon [_thread_in_native, id=17667, stack(0x0000700009fb7000,0x000070000a0b7000)]
=>0x00007fe6c6002000 JavaThread "C2 CompilerThread0" daemon [_thread_in_native, id=17155, stack(0x0000700009eb4000,0x0000700009fb4000)]
  0x00007fe6c5003000 JavaThread "Signal Dispatcher" daemon [_thread_blocked, id=16643, stack(0x0000700009db1000,0x0000700009eb1000)]
  0x00007fe6c6011000 JavaThread "Finalizer" daemon [_thread_blocked, id=12547, stack(0x0000700009cae000,0x0000700009dae000)]
  0x00007fe6c5044000 JavaThread "Reference Handler" daemon [_thread_blocked, id=12035, stack(0x0000700009bab000,0x0000700009cab000)]
  0x00007fe6c6002800 JavaThread "main" [_thread_in_Java, id=7171, stack(0x0000700009599000,0x0000700009699000)]

Other Threads:
  0x00007fe6c5805800 VMThread [stack: 0x0000700009aa8000,0x0000700009ba8000] [id=11523]
  0x00007fe6c5806000 WatcherThread [stack: 0x000070000a2c0000,0x000070000a3c0000] [id=19203]

VM state:not at safepoint (normal execution)

VM Mutex/Monitor currently owned by a thread: None

Heap:
 PSYoungGen      total 38400K, used 28235K [0x00000007aab00000, 0x00000007ad580000, 0x00000007c0000000)
  eden space 33280K, 84% used [0x00000007aab00000,0x00000007ac692dc8,0x00000007acb80000)
  from space 5120K, 0% used [0x00000007ad080000,0x00000007ad080000,0x00000007ad580000)
  to   space 5120K, 0% used [0x00000007acb80000,0x00000007acb80000,0x00000007ad080000)
 ParOldGen       total 87552K, used 0K [0x0000000780000000, 0x0000000785580000, 0x00000007aab00000)
  object space 87552K, 0% used [0x0000000780000000,0x0000000780000000,0x0000000785580000)
 Metaspace       used 5558K, capacity 6768K, committed 7040K, reserved 1056768K
  class space    used 561K, capacity 616K, committed 640K, reserved 1048576K

Card table byte_map: [0x000000010c4b6000,0x000000010c6b7000] byte_map_base: 0x00000001088b6000

Marking Bits: (ParMarkBitMap*) 0x000000010be8bed0
 Begin Bits: [0x000000010c80d000, 0x000000010d80d000)
 End Bits:   [0x000000010d80d000, 0x000000010e80d000)

Polling page: 0x000000010acca000

CodeCache: size=245760Kb used=2578Kb max_used=2578Kb free=243181Kb
 bounds [0x0000000112bc6000, 0x0000000112e56000, 0x0000000121bc6000]
 total_blobs=930 nmethods=670 adapters=175
 compilation: enabled

Compilation events (10 events):
Event: 0.794 Thread 0x00007fe6c602a800 nmethod 562 0x0000000112e4be10 code [0x0000000112e4bf60, 0x0000000112e4c070]
Event: 0.794 Thread 0x00007fe6c602a800  593       1       com.android.dx.cf.attrib.AttCode::getCode (5 bytes)
Event: 0.794 Thread 0x00007fe6c602a800 nmethod 593 0x0000000112e4c0d0 code [0x0000000112e4c220, 0x0000000112e4c330]
Event: 0.794 Thread 0x00007fe6c602a800  594       1       com.android.dx.rop.type.Prototype::getParameterTypes (5 bytes)
Event: 0.794 Thread 0x00007fe6c602a800 nmethod 594 0x0000000112e4c390 code [0x0000000112e4c4e0, 0x0000000112e4c5f0]
Event: 0.794 Thread 0x00007fe6c602a800  614       1       com.android.dx.ssa.SsaRenamer::access$700 (5 bytes)
Event: 0.794 Thread 0x00007fe6c602a800 nmethod 614 0x0000000112e4c650 code [0x0000000112e4c7a0, 0x0000000112e4c890]
Event: 0.794 Thread 0x00007fe6c602a800  611       1       com.android.dx.ssa.SsaMethod::getEntryBlockIndex (5 bytes)
Event: 0.794 Thread 0x00007fe6c602a800 nmethod 611 0x0000000112e4c910 code [0x0000000112e4ca60, 0x0000000112e4cb70]
Event: 0.794 Thread 0x00007fe6c602a800  755       2       com.android.dx.ssa.SCCP::simulateBranch (666 bytes)

GC Heap History (0 events):
No events

Deoptimization events (10 events):
Event: 0.412 Thread 0x00007fe6c606e000 Uncommon trap: reason=class_check action=maybe_recompile pc=0x0000000112d48dcc method=com.android.dx.rop.cst.CstMemberRef.compareTo0(Lcom/android/dx/rop/cst/Constant;)I @ 1
Event: 0.449 Thread 0x00007fe6c6002800 Uncommon trap: reason=unstable_if action=reinterpret pc=0x0000000112d9c754 method=java.util.HashMap.getNode(ILjava/lang/Object;)Ljava/util/HashMap$Node; @ 129
Event: 0.480 Thread 0x00007fe6c6002800 Uncommon trap: reason=unstable_if action=reinterpret pc=0x0000000112d8eecc method=com.android.dx.rop.cst.CstFieldRef.compareTo0(Lcom/android/dx/rop/cst/Constant;)I @ 7
Event: 0.480 Thread 0x00007fe6c6002800 Uncommon trap: reason=unstable_if action=reinterpret pc=0x0000000112d468f4 method=com.android.dx.rop.cst.CstFieldRef.compareTo0(Lcom/android/dx/rop/cst/Constant;)I @ 7
Event: 0.649 Thread 0x00007fe6c6002800 Uncommon trap: reason=unloaded action=reinterpret pc=0x0000000112df0fc4 method=com.android.dx.cf.cst.ConstantPoolParser.parse0(ILjava/util/BitSet;)Lcom/android/dx/rop/cst/Constant; @ 475
Event: 0.679 Thread 0x00007fe6c6805000 Uncommon trap: reason=class_check action=maybe_recompile pc=0x0000000112ddb790 method=com.android.dx.ssa.NormalSsaInsn.accept(Lcom/android/dx/ssa/SsaInsn$Visitor;)V @ 9
Event: 0.679 Thread 0x00007fe6c6805000 Uncommon trap: reason=class_check action=maybe_recompile pc=0x0000000112ddb790 method=com.android.dx.ssa.NormalSsaInsn.accept(Lcom/android/dx/ssa/SsaInsn$Visitor;)V @ 9
Event: 0.679 Thread 0x00007fe6c6805000 Uncommon trap: reason=class_check action=maybe_recompile pc=0x0000000112ddb790 method=com.android.dx.ssa.NormalSsaInsn.accept(Lcom/android/dx/ssa/SsaInsn$Visitor;)V @ 9
Event: 0.679 Thread 0x00007fe6c6805000 Uncommon trap: reason=class_check action=maybe_recompile pc=0x0000000112ddb790 method=com.android.dx.ssa.NormalSsaInsn.accept(Lcom/android/dx/ssa/SsaInsn$Visitor;)V @ 9
Event: 0.700 Thread 0x00007fe6c6002800 Uncommon trap: reason=unstable_if action=reinterpret pc=0x0000000112dd87c0 method=com.android.dx.rop.code.RegisterSpec.equals(ILcom/android/dx/rop/type/TypeBearer;Lcom/android/dx/rop/code/LocalItem;)Z @ 16

Internal exceptions (2 events):
Event: 0.030 Thread 0x00007fe6c6002800 Exception <a 'java/lang/NoSuchMethodError': Method sun.misc.Unsafe.defineClass(Ljava/lang/String;[BII)Ljava/lang/Class; name or signature does not match> (0x00000007aab07c78) thrown at [/Volumes/Android_AOSP/AOSP-openjdk/external/jetbrains/jdk/hotspot/src
Event: 0.030 Thread 0x00007fe6c6002800 Exception <a 'java/lang/NoSuchMethodError': Method sun.misc.Unsafe.prefetchRead(Ljava/lang/Object;J)V name or signature does not match> (0x00000007aab07f60) thrown at [/Volumes/Android_AOSP/AOSP-openjdk/external/jetbrains/jdk/hotspot/src/share/vm/prims/jn

Events (10 events):
Event: 0.679 Thread 0x00007fe6c6805000 DEOPT UNPACKING pc=0x0000000112bcaf69 sp=0x000070000a8cde40 mode 2
Event: 0.689 loading class com/android/dx/cf/attrib/AttEnclosingMethod
Event: 0.689 loading class com/android/dx/cf/attrib/AttEnclosingMethod done
Event: 0.700 Thread 0x00007fe6c6002800 Uncommon trap: trap_request=0xffffff65 fr.pc=0x0000000112dd87c0
Event: 0.700 Thread 0x00007fe6c6002800 DEOPT PACKING pc=0x0000000112dd87c0 sp=0x0000700009697060
Event: 0.700 Thread 0x00007fe6c6002800 DEOPT UNPACKING pc=0x0000000112bcaf69 sp=0x0000700009696ec0 mode 2
Event: 0.758 Executing VM operation: ForceSafepoint
Event: 0.758 Thread 0x00007fe6c603e000 DEOPT PACKING pc=0x0000000112dcd4ce sp=0x000070000a4c2270
Event: 0.758 Thread 0x00007fe6c603e000 DEOPT UNPACKING pc=0x0000000112c0d373 sp=0x000070000a4c1fb8 mode 0
Event: 0.758 Executing VM operation: ForceSafepoint done


Dynamic libraries:
0x000000004c7c4000 	/System/Library/Frameworks/Cocoa.framework/Versions/A/Cocoa
0x000000004c7c4000 	/System/Library/Frameworks/Security.framework/Versions/A/Security
0x000000004c7c4000 	/System/Library/Frameworks/ApplicationServices.framework/Versions/A/ApplicationServices
0x000000004c7c4000 	/usr/lib/libz.1.dylib
0x000000004c7c4000 	/usr/lib/libSystem.B.dylib
0x000000004c7c4000 	/usr/lib/libobjc.A.dylib
0x000000004c7c4000 	/System/Library/Frameworks/Foundation.framework/Versions/C/Foundation
0x000000004c7c4000 	/System/Library/Frameworks/CoreFoundation.framework/Versions/A/CoreFoundation
0x000000004c7c4000 	/System/Library/Frameworks/AppKit.framework/Versions/C/AppKit
0x000000004c7c4000 	/System/Library/Frameworks/CoreData.framework/Versions/A/CoreData
0x000000004c7c4000 	/System/Library/PrivateFrameworks/RemoteViewServices.framework/Versions/A/RemoteViewServices
0x000000004c7c4000 	/System/Library/PrivateFrameworks/UIFoundation.framework/Versions/A/UIFoundation
0x000000004c7c4000 	/usr/lib/libenergytrace.dylib
0x000000004c7c4000 	/System/Library/PrivateFrameworks/SkyLight.framework/Versions/A/SkyLight
0x000000004c7c4000 	/System/Library/Frameworks/CoreGraphics.framework/Versions/A/CoreGraphics
0x000000004c7c4000 	/usr/lib/libScreenReader.dylib
0x000000004c7c4000 	/System/Library/Frameworks/Accelerate.framework/Versions/A/Accelerate
0x000000004c7c4000 	/System/Library/Frameworks/IOSurface.framework/Versions/A/IOSurface
0x000000004c7c4000 	/System/Library/Frameworks/AudioToolbox.framework/Versions/A/AudioToolbox
0x000000004c7c4000 	/System/Library/Frameworks/AudioUnit.framework/Versions/A/AudioUnit
0x000000004c7c4000 	/System/Library/PrivateFrameworks/DataDetectorsCore.framework/Versions/A/DataDetectorsCore
0x000000004c7c4000 	/System/Library/PrivateFrameworks/DesktopServicesPriv.framework/Versions/A/DesktopServicesPriv
0x000000004c7c4000 	/System/Library/Frameworks/Carbon.framework/Versions/A/Frameworks/HIToolbox.framework/Versions/A/HIToolbox
0x000000004c7c4000 	/usr/lib/libicucore.A.dylib
0x000000004c7c4000 	/System/Library/Frameworks/QuartzCore.framework/Versions/A/QuartzCore
0x000000004c7c4000 	/System/Library/Frameworks/Carbon.framework/Versions/A/Frameworks/SpeechRecognition.framework/Versions/A/SpeechRecognition
0x000000004c7c4000 	/usr/lib/libauto.dylib
0x000000004c7c4000 	/usr/lib/libxml2.2.dylib
0x000000004c7c4000 	/System/Library/PrivateFrameworks/CoreUI.framework/Versions/A/CoreUI
0x000000004c7c4000 	/System/Library/Frameworks/CoreAudio.framework/Versions/A/CoreAudio
0x000000004c7c4000 	/System/Library/Frameworks/DiskArbitration.framework/Versions/A/DiskArbitration
0x000000004c7c4000 	/usr/lib/liblangid.dylib
0x000000004c7c4000 	/System/Library/PrivateFrameworks/MultitouchSupport.framework/Versions/A/MultitouchSupport
0x000000004c7c4000 	/System/Library/Frameworks/IOKit.framework/Versions/A/IOKit
0x000000004c7c4000 	/usr/lib/libDiagnosticMessagesClient.dylib
0x000000004c7c4000 	/System/Library/Frameworks/CoreServices.framework/Versions/A/CoreServices
0x000000004c7c4000 	/System/Library/PrivateFrameworks/PerformanceAnalysis.framework/Versions/A/PerformanceAnalysis
0x000000004c7c4000 	/System/Library/PrivateFrameworks/GenerationalStorage.framework/Versions/A/GenerationalStorage
0x000000004c7c4000 	/System/Library/Frameworks/OpenGL.framework/Versions/A/OpenGL
0x000000004c7c4000 	/System/Library/Frameworks/CoreImage.framework/Versions/A/CoreImage
0x000000004c7c4000 	/System/Library/Frameworks/CoreText.framework/Versions/A/CoreText
0x000000004c7c4000 	/System/Library/Frameworks/ImageIO.framework/Versions/A/ImageIO
0x000000004c7c4000 	/System/Library/PrivateFrameworks/Backup.framework/Versions/A/Backup
0x000000004c7c4000 	/usr/lib/libarchive.2.dylib
0x000000004c7c4000 	/System/Library/Frameworks/CFNetwork.framework/Versions/A/CFNetwork
0x000000004c7c4000 	/System/Library/Frameworks/SystemConfiguration.framework/Versions/A/SystemConfiguration
0x000000004c7c4000 	/usr/lib/libCRFSuite.dylib
0x000000004c7c4000 	/usr/lib/libc++.1.dylib
0x000000004c7c4000 	/usr/lib/libc++abi.dylib
0x000000004c7c4000 	/usr/lib/system/libcache.dylib
0x000000004c7c4000 	/usr/lib/system/libcommonCrypto.dylib
0x000000004c7c4000 	/usr/lib/system/libcompiler_rt.dylib
0x000000004c7c4000 	/usr/lib/system/libcopyfile.dylib
0x000000004c7c4000 	/usr/lib/system/libcorecrypto.dylib
0x000000004c7c4000 	/usr/lib/system/libdispatch.dylib
0x000000004c7c4000 	/usr/lib/system/libdyld.dylib
0x000000004c7c4000 	/usr/lib/system/libkeymgr.dylib
0x000000004c7c4000 	/usr/lib/system/liblaunch.dylib
0x000000004c7c4000 	/usr/lib/system/libmacho.dylib
0x000000004c7c4000 	/usr/lib/system/libquarantine.dylib
0x000000004c7c4000 	/usr/lib/system/libremovefile.dylib
0x000000004c7c4000 	/usr/lib/system/libsystem_asl.dylib
0x000000004c7c4000 	/usr/lib/system/libsystem_blocks.dylib
0x000000004c7c4000 	/usr/lib/system/libsystem_c.dylib
0x000000004c7c4000 	/usr/lib/system/libsystem_configuration.dylib
0x000000004c7c4000 	/usr/lib/system/libsystem_coreservices.dylib
0x000000004c7c4000 	/usr/lib/system/libsystem_coretls.dylib
0x000000004c7c4000 	/usr/lib/system/libsystem_dnssd.dylib
0x000000004c7c4000 	/usr/lib/system/libsystem_info.dylib
0x000000004c7c4000 	/usr/lib/system/libsystem_kernel.dylib
0x000000004c7c4000 	/usr/lib/system/libsystem_m.dylib
0x000000004c7c4000 	/usr/lib/system/libsystem_malloc.dylib
0x000000004c7c4000 	/usr/lib/system/libsystem_network.dylib
0x000000004c7c4000 	/usr/lib/system/libsystem_networkextension.dylib
0x000000004c7c4000 	/usr/lib/system/libsystem_notify.dylib
0x000000004c7c4000 	/usr/lib/system/libsystem_platform.dylib
0x000000004c7c4000 	/usr/lib/system/libsystem_pthread.dylib
0x000000004c7c4000 	/usr/lib/system/libsystem_sandbox.dylib
0x000000004c7c4000 	/usr/lib/system/libsystem_secinit.dylib
0x000000004c7c4000 	/usr/lib/system/libsystem_symptoms.dylib
0x000000004c7c4000 	/usr/lib/system/libsystem_trace.dylib
0x000000004c7c4000 	/usr/lib/system/libunwind.dylib
0x000000004c7c4000 	/usr/lib/system/libxpc.dylib
0x000000004c7c4000 	/usr/lib/libbsm.0.dylib
0x000000004c7c4000 	/usr/lib/system/libkxld.dylib
0x000000004c7c4000 	/usr/lib/libcoretls.dylib
0x000000004c7c4000 	/usr/lib/libcoretls_cfhelpers.dylib
0x000000004c7c4000 	/usr/lib/libxar.1.dylib
0x000000004c7c4000 	/usr/lib/libsqlite3.dylib
0x000000004c7c4000 	/usr/lib/libpam.2.dylib
0x000000004c7c4000 	/usr/lib/libOpenScriptingUtil.dylib
0x000000004c7c4000 	/usr/lib/libbz2.1.0.dylib
0x000000004c7c4000 	/usr/lib/liblzma.5.dylib
0x000000004c7c4000 	/usr/lib/libnetwork.dylib
0x000000004c7c4000 	/usr/lib/libpcap.A.dylib
0x000000004c7c4000 	/System/Library/Frameworks/CoreServices.framework/Versions/A/Frameworks/FSEvents.framework/Versions/A/FSEvents
0x000000004c7c4000 	/System/Library/Frameworks/CoreServices.framework/Versions/A/Frameworks/CarbonCore.framework/Versions/A/CarbonCore
0x000000004c7c4000 	/System/Library/Frameworks/CoreServices.framework/Versions/A/Frameworks/Metadata.framework/Versions/A/Metadata
0x000000004c7c4000 	/System/Library/Frameworks/CoreServices.framework/Versions/A/Frameworks/OSServices.framework/Versions/A/OSServices
0x000000004c7c4000 	/System/Library/Frameworks/CoreServices.framework/Versions/A/Frameworks/SearchKit.framework/Versions/A/SearchKit
0x000000004c7c4000 	/System/Library/Frameworks/CoreServices.framework/Versions/A/Frameworks/AE.framework/Versions/A/AE
0x000000004c7c4000 	/System/Library/Frameworks/CoreServices.framework/Versions/A/Frameworks/LaunchServices.framework/Versions/A/LaunchServices
0x000000004c7c4000 	/System/Library/Frameworks/CoreServices.framework/Versions/A/Frameworks/DictionaryServices.framework/Versions/A/DictionaryServices
0x000000004c7c4000 	/System/Library/Frameworks/CoreServices.framework/Versions/A/Frameworks/SharedFileList.framework/Versions/A/SharedFileList
0x000000004c7c4000 	/System/Library/Frameworks/NetFS.framework/Versions/A/NetFS
0x000000004c7c4000 	/System/Library/PrivateFrameworks/NetAuth.framework/Versions/A/NetAuth
0x000000004c7c4000 	/System/Library/PrivateFrameworks/login.framework/Versions/A/Frameworks/loginsupport.framework/Versions/A/loginsupport
0x000000004c7c4000 	/System/Library/PrivateFrameworks/TCC.framework/Versions/A/TCC
0x000000004c7c4000 	/usr/lib/libmecabra.dylib
0x000000004c7c4000 	/System/Library/Frameworks/ApplicationServices.framework/Versions/A/Frameworks/ATS.framework/Versions/A/ATS
0x000000004c7c4000 	/System/Library/Frameworks/ApplicationServices.framework/Versions/A/Frameworks/ColorSync.framework/Versions/A/ColorSync
0x000000004c7c4000 	/System/Library/Frameworks/ApplicationServices.framework/Versions/A/Frameworks/HIServices.framework/Versions/A/HIServices
0x000000004c7c4000 	/System/Library/Frameworks/ApplicationServices.framework/Versions/A/Frameworks/LangAnalysis.framework/Versions/A/LangAnalysis
0x000000004c7c4000 	/System/Library/Frameworks/ApplicationServices.framework/Versions/A/Frameworks/PrintCore.framework/Versions/A/PrintCore
0x000000004c7c4000 	/System/Library/Frameworks/ApplicationServices.framework/Versions/A/Frameworks/QD.framework/Versions/A/QD
0x000000004c7c4000 	/System/Library/Frameworks/ApplicationServices.framework/Versions/A/Frameworks/SpeechSynthesis.framework/Versions/A/SpeechSynthesis
0x000000004c7c4000 	/System/Library/Frameworks/Accelerate.framework/Versions/A/Frameworks/vImage.framework/Versions/A/vImage
0x000000004c7c4000 	/System/Library/Frameworks/Accelerate.framework/Versions/A/Frameworks/vecLib.framework/Versions/A/vecLib
0x000000004c7c4000 	/System/Library/Frameworks/Accelerate.framework/Versions/A/Frameworks/vecLib.framework/Versions/A/libvDSP.dylib
0x000000004c7c4000 	/System/Library/Frameworks/Accelerate.framework/Versions/A/Frameworks/vecLib.framework/Versions/A/libBNNS.dylib
0x000000004c7c4000 	/System/Library/Frameworks/Accelerate.framework/Versions/A/Frameworks/vecLib.framework/Versions/A/libQuadrature.dylib
0x000000004c7c4000 	/System/Library/Frameworks/Accelerate.framework/Versions/A/Frameworks/vecLib.framework/Versions/A/libvMisc.dylib
0x000000004c7c4000 	/System/Library/Frameworks/Accelerate.framework/Versions/A/Frameworks/vecLib.framework/Versions/A/libLAPACK.dylib
0x000000004c7c4000 	/System/Library/Frameworks/Accelerate.framework/Versions/A/Frameworks/vecLib.framework/Versions/A/libBLAS.dylib
0x000000004c7c4000 	/System/Library/Frameworks/Accelerate.framework/Versions/A/Frameworks/vecLib.framework/Versions/A/libLinearAlgebra.dylib
0x000000004c7c4000 	/System/Library/Frameworks/Accelerate.framework/Versions/A/Frameworks/vecLib.framework/Versions/A/libSparseBLAS.dylib
0x000000004c7c4000 	/System/Library/Frameworks/ApplicationServices.framework/Versions/A/Frameworks/ATS.framework/Versions/A/Resources/libFontParser.dylib
0x000000004c7c4000 	/System/Library/Frameworks/ApplicationServices.framework/Versions/A/Frameworks/ATS.framework/Versions/A/Resources/libFontRegistry.dylib
0x000000004c7c4000 	/System/Library/Frameworks/ImageIO.framework/Versions/A/Resources/libJPEG.dylib
0x000000004c7c4000 	/System/Library/Frameworks/ImageIO.framework/Versions/A/Resources/libTIFF.dylib
0x000000004c7c4000 	/System/Library/Frameworks/ImageIO.framework/Versions/A/Resources/libPng.dylib
0x000000004c7c4000 	/System/Library/Frameworks/ImageIO.framework/Versions/A/Resources/libGIF.dylib
0x000000004c7c4000 	/System/Library/Frameworks/ImageIO.framework/Versions/A/Resources/libJP2.dylib
0x000000004c7c4000 	/System/Library/Frameworks/ImageIO.framework/Versions/A/Resources/libRadiance.dylib
0x000000004c7c4000 	/usr/lib/libcompression.dylib
0x000000004c7c4000 	/System/Library/PrivateFrameworks/AppleJPEG.framework/Versions/A/AppleJPEG
0x000000004c7c4000 	/usr/lib/libcups.2.dylib
0x000000004c7c4000 	/System/Library/Frameworks/Kerberos.framework/Versions/A/Kerberos
0x000000004c7c4000 	/System/Library/Frameworks/GSS.framework/Versions/A/GSS
0x000000004c7c4000 	/usr/lib/libresolv.9.dylib
0x000000004c7c4000 	/usr/lib/libiconv.2.dylib
0x000000004c7c4000 	/System/Library/PrivateFrameworks/Heimdal.framework/Versions/A/Heimdal
0x000000004c7c4000 	/usr/lib/libheimdal-asn1.dylib
0x000000004c7c4000 	/System/Library/Frameworks/OpenDirectory.framework/Versions/A/OpenDirectory
0x000000004c7c4000 	/System/Library/PrivateFrameworks/CommonAuth.framework/Versions/A/CommonAuth
0x000000004c7c4000 	/System/Library/Frameworks/OpenDirectory.framework/Versions/A/Frameworks/CFOpenDirectory.framework/Versions/A/CFOpenDirectory
0x000000004c7c4000 	/System/Library/Frameworks/SecurityFoundation.framework/Versions/A/SecurityFoundation
0x000000004c7c4000 	/System/Library/PrivateFrameworks/LanguageModeling.framework/Versions/A/LanguageModeling
0x000000004c7c4000 	/usr/lib/libmarisa.dylib
0x000000004c7c4000 	/usr/lib/libChineseTokenizer.dylib
0x000000004c7c4000 	/usr/lib/libcmph.dylib
0x000000004c7c4000 	/System/Library/PrivateFrameworks/CoreEmoji.framework/Versions/A/CoreEmoji
0x000000004c7c4000 	/System/Library/Frameworks/ServiceManagement.framework/Versions/A/ServiceManagement
0x000000004c7c4000 	/usr/lib/libxslt.1.dylib
0x000000004c7c4000 	/System/Library/Frameworks/Carbon.framework/Versions/A/Frameworks/Ink.framework/Versions/A/Ink
0x000000004c7c4000 	/System/Library/PrivateFrameworks/TextureIO.framework/Versions/A/TextureIO
0x000000004c7c4000 	/System/Library/Frameworks/Metal.framework/Versions/A/Metal
0x000000004c7c4000 	/usr/lib/libate.dylib
0x000000004c7c4000 	/System/Library/PrivateFrameworks/GPUCompiler.framework/libmetal_timestamp.dylib
0x000000004c7c4000 	/System/Library/Frameworks/OpenGL.framework/Versions/A/Libraries/libCoreFSCache.dylib
0x000000004c7c4000 	/System/Library/PrivateFrameworks/IOAccelerator.framework/Versions/A/IOAccelerator
0x000000004c7c4000 	/System/Library/Frameworks/CoreVideo.framework/Versions/A/CoreVideo
0x000000004c7c4000 	/usr/lib/libFosl_dynamic.dylib
0x000000004c7c4000 	/System/Library/PrivateFrameworks/MetalPerformanceShaders.framework/Versions/A/MetalPerformanceShaders
0x000000004c7c4000 	/System/Library/PrivateFrameworks/FaceCore.framework/Versions/A/FaceCore
0x000000004c7c4000 	/System/Library/Frameworks/OpenCL.framework/Versions/A/OpenCL
0x000000004c7c4000 	/System/Library/Frameworks/OpenGL.framework/Versions/A/Libraries/libGLU.dylib
0x000000004c7c4000 	/System/Library/Frameworks/OpenGL.framework/Versions/A/Libraries/libGFXShared.dylib
0x000000004c7c4000 	/System/Library/Frameworks/OpenGL.framework/Versions/A/Libraries/libGL.dylib
0x000000004c7c4000 	/System/Library/Frameworks/OpenGL.framework/Versions/A/Libraries/libGLImage.dylib
0x000000004c7c4000 	/System/Library/Frameworks/OpenGL.framework/Versions/A/Libraries/libCVMSPluginSupport.dylib
0x000000004c7c4000 	/System/Library/Frameworks/OpenGL.framework/Versions/A/Libraries/libCoreVMClient.dylib
0x000000004c7c4000 	/System/Library/PrivateFrameworks/CrashReporterSupport.framework/Versions/A/CrashReporterSupport
0x000000004c7c4000 	/System/Library/PrivateFrameworks/Sharing.framework/Versions/A/Sharing
0x000000004c7c4000 	/System/Library/PrivateFrameworks/IconServices.framework/Versions/A/IconServices
0x000000004c7c4000 	/System/Library/PrivateFrameworks/ProtocolBuffer.framework/Versions/A/ProtocolBuffer
0x000000004c7c4000 	/System/Library/PrivateFrameworks/Apple80211.framework/Versions/A/Apple80211
0x000000004c7c4000 	/System/Library/Frameworks/CoreWLAN.framework/Versions/A/CoreWLAN
0x000000004c7c4000 	/System/Library/PrivateFrameworks/CoreUtils.framework/Versions/A/CoreUtils
0x000000004c7c4000 	/System/Library/Frameworks/IOBluetooth.framework/Versions/A/IOBluetooth
0x000000004c7c4000 	/System/Library/PrivateFrameworks/CoreWiFi.framework/Versions/A/CoreWiFi
0x000000004c7c4000 	/System/Library/Frameworks/CoreBluetooth.framework/Versions/A/CoreBluetooth
0x000000004c7c4000 	/System/Library/Frameworks/CoreDisplay.framework/Versions/A/CoreDisplay
0x000000004c7c4000 	/System/Library/PrivateFrameworks/IOPresentment.framework/Versions/A/IOPresentment
0x000000004c7c4000 	/System/Library/PrivateFrameworks/DebugSymbols.framework/Versions/A/DebugSymbols
0x000000004c7c4000 	/System/Library/PrivateFrameworks/CoreSymbolication.framework/Versions/A/CoreSymbolication
0x000000004c7c4000 	/System/Library/PrivateFrameworks/Symbolication.framework/Versions/A/Symbolication
0x000000004c7c4000 	/System/Library/PrivateFrameworks/AppleFSCompression.framework/Versions/A/AppleFSCompression
0x000000004c7c4000 	/System/Library/PrivateFrameworks/SpeechRecognitionCore.framework/Versions/A/SpeechRecognitionCore
0x000000004c7c4000 	/System/Library/PrivateFrameworks/ChunkingLibrary.framework/Versions/A/ChunkingLibrary
0x000000010b600000 	/Applications/Android Studio.app/Contents/jre/jdk/Contents/Home/jre/lib/server/libjvm.dylib
0x000000004c7c4000 	/usr/lib/libstdc++.6.dylib
0x000000010ac88000 	/Applications/Android Studio.app/Contents/jre/jdk/Contents/Home/jre/lib/libverify.dylib
0x000000010ac95000 	/Applications/Android Studio.app/Contents/jre/jdk/Contents/Home/jre/lib/libjava.dylib
0x000000010acd4000 	/Applications/Android Studio.app/Contents/jre/jdk/Contents/Home/jre/lib/libzip.dylib
0x00000001103d8000 	/System/Library/Frameworks/JavaVM.framework/Frameworks/JavaRuntimeSupport.framework/JavaRuntimeSupport
0x000000010adeb000 	/System/Library/Frameworks/JavaVM.framework/Versions/A/Frameworks/JavaNativeFoundation.framework/Versions/A/JavaNativeFoundation
0x00000001103f2000 	/System/Library/Frameworks/JavaVM.framework/Versions/A/JavaVM
0x000000004c7c4000 	/System/Library/Frameworks/Carbon.framework/Versions/A/Carbon
0x00000001103ff000 	/System/Library/PrivateFrameworks/JavaLaunching.framework/Versions/A/JavaLaunching
0x000000004c7c4000 	/System/Library/Frameworks/Carbon.framework/Versions/A/Frameworks/CommonPanels.framework/Versions/A/CommonPanels
0x000000004c7c4000 	/System/Library/Frameworks/Carbon.framework/Versions/A/Frameworks/Help.framework/Versions/A/Help
0x000000004c7c4000 	/System/Library/Frameworks/Carbon.framework/Versions/A/Frameworks/ImageCapture.framework/Versions/A/ImageCapture
0x000000004c7c4000 	/System/Library/Frameworks/Carbon.framework/Versions/A/Frameworks/OpenScripting.framework/Versions/A/OpenScripting
0x000000004c7c4000 	/System/Library/Frameworks/Carbon.framework/Versions/A/Frameworks/Print.framework/Versions/A/Print
0x000000004c7c4000 	/System/Library/Frameworks/Carbon.framework/Versions/A/Frameworks/SecurityHI.framework/Versions/A/SecurityHI

VM Arguments:
jvm_args: -Djava.awt.headless=true -Xmx1024M -Dfile.encoding=UTF-8 -Duser.country=US -Duser.language=en -Duser.variant 
java_command: com.android.dx.command.Main --dex --num-threads=4 --output /Users/almaziskhakov/StudioProjects/b-designworks-android/app/build/intermediates/pre-dexed/production/debug/debug_7e496c106b2a1a294a198a2e1077c67bc266a1cf.jar /Users/almaziskhakov/StudioProjects/b-designworks-android/app/build/intermediates/classes/production/debug
java_class_path (initial): /Users/almaziskhakov/Library/Android/sdk/build-tools/24.0.1/lib/dx.jar
Launcher Type: SUN_STANDARD

Environment Variables:
PATH=/usr/bin:/bin:/usr/sbin:/sbin
SHELL=/bin/bash

Signal Handlers:
SIGSEGV: [libjvm.dylib+0x57e9cd], sa_mask[0]=11111111011111110111111111111111, sa_flags=SA_ONSTACK|SA_RESTART|SA_SIGINFO
SIGBUS: [libjvm.dylib+0x57e9cd], sa_mask[0]=11111111011111110111111111111111, sa_flags=SA_RESTART|SA_SIGINFO
SIGFPE: [libjvm.dylib+0x45951c], sa_mask[0]=11111111011111110111111111111111, sa_flags=SA_RESTART|SA_SIGINFO
SIGPIPE: [libjvm.dylib+0x45951c], sa_mask[0]=11111111011111110111111111111111, sa_flags=SA_RESTART|SA_SIGINFO
SIGXFSZ: [libjvm.dylib+0x45951c], sa_mask[0]=11111111011111110111111111111111, sa_flags=SA_RESTART|SA_SIGINFO
SIGILL: [libjvm.dylib+0x45951c], sa_mask[0]=11111111011111110111111111111111, sa_flags=SA_RESTART|SA_SIGINFO
SIGUSR1: SIG_DFL, sa_mask[0]=00000000000000000000000000000000, sa_flags=none
SIGUSR2: [libjvm.dylib+0x45903a], sa_mask[0]=00100000000000000000000000000000, sa_flags=SA_RESTART|SA_SIGINFO
SIGHUP: [libjvm.dylib+0x457611], sa_mask[0]=11111111011111110111111111111111, sa_flags=SA_RESTART|SA_SIGINFO
SIGINT: [libjvm.dylib+0x457611], sa_mask[0]=11111111011111110111111111111111, sa_flags=SA_RESTART|SA_SIGINFO
SIGTERM: [libjvm.dylib+0x457611], sa_mask[0]=11111111011111110111111111111111, sa_flags=SA_RESTART|SA_SIGINFO
SIGQUIT: [libjvm.dylib+0x457611], sa_mask[0]=11111111011111110111111111111111, sa_flags=SA_RESTART|SA_SIGINFO


---------------  S Y S T E M  ---------------

OS:Bsduname:Darwin 16.0.0 Darwin Kernel Version 16.0.0: Mon Aug 29 17:56:20 PDT 2016; root:xnu-3789.1.32~3/RELEASE_X86_64 x86_64
rlimit: STACK 8192k, CORE 0k, NPROC 709, NOFILE 10240, AS infinity
load average:3.27 2.36 2.69

CPU:total 4 (2 cores per cpu, 2 threads per core) family 6 model 42 stepping 7, cmov, cx8, fxsr, mmx, sse, sse2, sse3, ssse3, sse4.1, sse4.2, popcnt, avx, aes, clmul, ht, tsc, tscinvbit

Memory: 4k page, physical 8388608k(53532k free)

/proc/meminfo:


vm_info: OpenJDK 64-Bit Server VM (25.112-b05) for bsd-amd64 JRE (1.8.0_112-release-b05), built on Sep 26 2016 14:04:06 by "builder" with gcc 4.2.1 (Based on Apple Inc. build 5658) (LLVM build 2336.11.00)

time: Thu Oct 20 20:01:01 2016
elapsed time: 0 seconds (0d 0h 0m 0s)

